<?xml version="1.0" encoding="UTF-8"?>
<testsuite name="testClean.NoteManagerTest" tests="1" skipped="0" failures="0" errors="0" timestamp="2020-09-27T17:05:55" hostname="DESKTOP-F1JKFO9" time="30.606">
  <properties/>
  <testcase name="verifyCreateNote" classname="testClean.NoteManagerTest" time="30.606"/>
  <system-out><![CDATA[]]></system-out>
  <system-err><![CDATA[sep 27, 2020 1:06:06 PM io.appium.java_client.remote.AppiumCommandExecutor$1 lambda$0
INFORMACIÓN: Detected dialect: W3C
]]></system-err>
</testsuite>
