<?xml version="1.0" encoding="UTF-8"?>
<testsuite name="testClean.NoteManagerTest" tests="1" skipped="0" failures="0" errors="0" timestamp="2020-09-27T17:47:30" hostname="DESKTOP-F1JKFO9" time="42.151">
  <properties/>
  <testcase name="verifyCreateNote" classname="testClean.NoteManagerTest" time="42.151"/>
  <system-out><![CDATA[]]></system-out>
  <system-err><![CDATA[sep 27, 2020 1:47:52 PM io.appium.java_client.remote.AppiumCommandExecutor$1 lambda$0
INFORMACIÓN: Detected dialect: OSS
]]></system-err>
</testsuite>
